{"/mnt/d/workDesigner/src/constants/questionType.constants.js": {"path":"/mnt/d/workDesigner/src/constants/questionType.constants.js","statementMap":{"0":{"start":{"line":6,"column":21},"end":{"line":61,"column":1}},"1":{"start":{"line":63,"column":0},"end":{"line":63,"column":30}}},"fnMap":{},"branchMap":{},"s":{"0":1,"1":1},"f":{},"b":{},"_coverageSchema":"1a1c01bbd47fc00a2c39e90264f33305004495a9","hash":"8b4041a8c4f66342579dc4ed3f604db672f682ae"}
,"/mnt/d/workDesigner/src/models/answer.js": {"path":"/mnt/d/workDesigner/src/models/answer.js","statementMap":{"0":{"start":{"line":17,"column":4},"end":{"line":17,"column":26}},"1":{"start":{"line":24,"column":4},"end":{"line":24,"column":30}},"2":{"start":{"line":28,"column":0},"end":{"line":28,"column":24}}},"fnMap":{"0":{"name":"(anonymous_0)","decl":{"start":{"line":11,"column":2},"end":{"line":11,"column":3}},"loc":{"start":{"line":11,"column":22},"end":{"line":25,"column":3}},"line":11}},"branchMap":{},"s":{"0":1,"1":1,"2":1},"f":{"0":1},"b":{},"_coverageSchema":"1a1c01bbd47fc00a2c39e90264f33305004495a9","hash":"2ed11d66c67746eee8decfe2ca658f8370c46836"}
,"/mnt/d/workDesigner/src/models/choice.js": {"path":"/mnt/d/workDesigner/src/models/choice.js","statementMap":{"0":{"start":{"line":18,"column":4},"end":{"line":18,"column":30}},"1":{"start":{"line":23,"column":4},"end":{"line":23,"column":30}},"2":{"start":{"line":27,"column":0},"end":{"line":27,"column":24}}},"fnMap":{"0":{"name":"(anonymous_0)","decl":{"start":{"line":12,"column":2},"end":{"line":12,"column":3}},"loc":{"start":{"line":12,"column":22},"end":{"line":24,"column":3}},"line":12}},"branchMap":{},"s":{"0":1,"1":1,"2":1},"f":{"0":1},"b":{},"_coverageSchema":"1a1c01bbd47fc00a2c39e90264f33305004495a9","hash":"ef2ef4f15bdde65ce7027652952dc0f7b364636c"}
,"/mnt/d/workDesigner/src/models/question.js": {"path":"/mnt/d/workDesigner/src/models/question.js","statementMap":{"0":{"start":{"line":18,"column":4},"end":{"line":18,"column":30}},"1":{"start":{"line":25,"column":4},"end":{"line":25,"column":30}},"2":{"start":{"line":32,"column":4},"end":{"line":32,"column":36}},"3":{"start":{"line":39,"column":4},"end":{"line":39,"column":36}},"4":{"start":{"line":46,"column":4},"end":{"line":46,"column":36}},"5":{"start":{"line":53,"column":4},"end":{"line":53,"column":38}},"6":{"start":{"line":60,"column":4},"end":{"line":60,"column":34}},"7":{"start":{"line":64,"column":0},"end":{"line":64,"column":26}}},"fnMap":{"0":{"name":"(anonymous_0)","decl":{"start":{"line":12,"column":2},"end":{"line":12,"column":3}},"loc":{"start":{"line":12,"column":24},"end":{"line":61,"column":3}},"line":12}},"branchMap":{},"s":{"0":1,"1":1,"2":1,"3":1,"4":1,"5":1,"6":1,"7":1},"f":{"0":1},"b":{},"_coverageSchema":"1a1c01bbd47fc00a2c39e90264f33305004495a9","hash":"1735eb099c96b6271de706f9c5ef0e1261deb57d"}
}
