{"/mnt/d/workDesigner/src/constants/errorMessage.js": {"path":"/mnt/d/workDesigner/src/constants/errorMessage.js","statementMap":{"0":{"start":{"line":1,"column":21},"end":{"line":3,"column":1}},"1":{"start":{"line":5,"column":0},"end":{"line":5,"column":30}}},"fnMap":{},"branchMap":{},"s":{"0":2,"1":2},"f":{},"b":{},"_coverageSchema":"1a1c01bbd47fc00a2c39e90264f33305004495a9","hash":"bb9fa42f06d07d255013b299870cfc0399b3dc0f"}
,"/mnt/d/workDesigner/src/constants/questionType.js": {"path":"/mnt/d/workDesigner/src/constants/questionType.js","statementMap":{"0":{"start":{"line":6,"column":21},"end":{"line":61,"column":1}},"1":{"start":{"line":63,"column":0},"end":{"line":63,"column":30}}},"fnMap":{},"branchMap":{},"s":{"0":1,"1":1},"f":{},"b":{},"_coverageSchema":"1a1c01bbd47fc00a2c39e90264f33305004495a9","hash":"7a03310b98d846cf6559631d5afab26867f8bccf"}
,"/mnt/d/workDesigner/src/lib/validation.js": {"path":"/mnt/d/workDesigner/src/lib/validation.js","statementMap":{"0":{"start":{"line":1,"column":21},"end":{"line":1,"column":57}},"1":{"start":{"line":2,"column":0},"end":{"line":17,"column":1}},"2":{"start":{"line":9,"column":8},"end":{"line":14,"column":9}},"3":{"start":{"line":10,"column":12},"end":{"line":10,"column":25}},"4":{"start":{"line":11,"column":15},"end":{"line":14,"column":9}},"5":{"start":{"line":12,"column":12},"end":{"line":12,"column":36}},"6":{"start":{"line":13,"column":12},"end":{"line":13,"column":28}},"7":{"start":{"line":15,"column":8},"end":{"line":15,"column":42}}},"fnMap":{"0":{"name":"(anonymous_0)","decl":{"start":{"line":8,"column":25},"end":{"line":8,"column":26}},"loc":{"start":{"line":8,"column":36},"end":{"line":16,"column":5}},"line":8}},"branchMap":{"0":{"loc":{"start":{"line":9,"column":8},"end":{"line":14,"column":9}},"type":"if","locations":[{"start":{"line":9,"column":8},"end":{"line":14,"column":9}},{"start":{"line":11,"column":15},"end":{"line":14,"column":9}}],"line":9},"1":{"loc":{"start":{"line":9,"column":12},"end":{"line":9,"column":47}},"type":"binary-expr","locations":[{"start":{"line":9,"column":12},"end":{"line":9,"column":17}},{"start":{"line":9,"column":21},"end":{"line":9,"column":47}}],"line":9},"2":{"loc":{"start":{"line":11,"column":15},"end":{"line":14,"column":9}},"type":"if","locations":[{"start":{"line":11,"column":15},"end":{"line":14,"column":9}},{"start":{},"end":{}}],"line":11},"3":{"loc":{"start":{"line":11,"column":19},"end":{"line":11,"column":55}},"type":"binary-expr","locations":[{"start":{"line":11,"column":19},"end":{"line":11,"column":25}},{"start":{"line":11,"column":29},"end":{"line":11,"column":55}}],"line":11}},"s":{"0":1,"1":1,"2":3,"3":1,"4":2,"5":1,"6":1,"7":1},"f":{"0":3},"b":{"0":[1,2],"1":[3,2],"2":[1,1],"3":[2,1]},"_coverageSchema":"1a1c01bbd47fc00a2c39e90264f33305004495a9","hash":"fbfed194d8958abcd8b02c4c17f71cf360eb2b0d"}
,"/mnt/d/workDesigner/src/models/answer.js": {"path":"/mnt/d/workDesigner/src/models/answer.js","statementMap":{"0":{"start":{"line":18,"column":4},"end":{"line":18,"column":26}},"1":{"start":{"line":25,"column":4},"end":{"line":25,"column":30}},"2":{"start":{"line":29,"column":0},"end":{"line":29,"column":24}}},"fnMap":{"0":{"name":"(anonymous_0)","decl":{"start":{"line":12,"column":2},"end":{"line":12,"column":3}},"loc":{"start":{"line":12,"column":22},"end":{"line":26,"column":3}},"line":12}},"branchMap":{},"s":{"0":1,"1":1,"2":1},"f":{"0":1},"b":{},"_coverageSchema":"1a1c01bbd47fc00a2c39e90264f33305004495a9","hash":"407c4b03b07ec981a8ddde859ee963c2ed778a24"}
,"/mnt/d/workDesigner/src/models/choice.js": {"path":"/mnt/d/workDesigner/src/models/choice.js","statementMap":{"0":{"start":{"line":18,"column":4},"end":{"line":18,"column":30}},"1":{"start":{"line":23,"column":4},"end":{"line":23,"column":30}},"2":{"start":{"line":27,"column":0},"end":{"line":27,"column":24}}},"fnMap":{"0":{"name":"(anonymous_0)","decl":{"start":{"line":12,"column":2},"end":{"line":12,"column":3}},"loc":{"start":{"line":12,"column":22},"end":{"line":24,"column":3}},"line":12}},"branchMap":{},"s":{"0":1,"1":1,"2":1},"f":{"0":1},"b":{},"_coverageSchema":"1a1c01bbd47fc00a2c39e90264f33305004495a9","hash":"ef2ef4f15bdde65ce7027652952dc0f7b364636c"}
,"/mnt/d/workDesigner/src/models/question.js": {"path":"/mnt/d/workDesigner/src/models/question.js","statementMap":{"0":{"start":{"line":18,"column":4},"end":{"line":18,"column":30}},"1":{"start":{"line":25,"column":4},"end":{"line":25,"column":30}},"2":{"start":{"line":32,"column":4},"end":{"line":32,"column":36}},"3":{"start":{"line":39,"column":4},"end":{"line":39,"column":36}},"4":{"start":{"line":46,"column":4},"end":{"line":46,"column":36}},"5":{"start":{"line":53,"column":4},"end":{"line":53,"column":38}},"6":{"start":{"line":60,"column":4},"end":{"line":60,"column":34}},"7":{"start":{"line":64,"column":0},"end":{"line":64,"column":26}}},"fnMap":{"0":{"name":"(anonymous_0)","decl":{"start":{"line":12,"column":2},"end":{"line":12,"column":3}},"loc":{"start":{"line":12,"column":24},"end":{"line":61,"column":3}},"line":12}},"branchMap":{},"s":{"0":1,"1":1,"2":1,"3":1,"4":1,"5":1,"6":1,"7":1},"f":{"0":1},"b":{},"_coverageSchema":"1a1c01bbd47fc00a2c39e90264f33305004495a9","hash":"1735eb099c96b6271de706f9c5ef0e1261deb57d"}
}
