TN:
SF:src/constants/errorMessage.js
FNF:0
FNH:0
DA:1,2
DA:5,2
LF:2
LH:2
BRF:0
BRH:0
end_of_record
TN:
SF:src/constants/questionType.js
FNF:0
FNH:0
DA:6,1
DA:63,1
LF:2
LH:2
BRF:0
BRH:0
end_of_record
TN:
SF:src/lib/validation.js
FN:8,(anonymous_0)
FNF:1
FNH:1
FNDA:3,(anonymous_0)
DA:1,1
DA:2,1
DA:9,3
DA:10,1
DA:11,2
DA:12,1
DA:13,1
DA:15,1
LF:8
LH:8
BRDA:9,0,0,1
BRDA:9,0,1,2
BRDA:9,1,0,3
BRDA:9,1,1,2
BRDA:11,2,0,1
BRDA:11,2,1,1
BRDA:11,3,0,2
BRDA:11,3,1,1
BRF:8
BRH:8
end_of_record
TN:
SF:src/models/answer.js
FN:12,(anonymous_0)
FNF:1
FNH:1
FNDA:1,(anonymous_0)
DA:18,1
DA:25,1
DA:29,1
LF:3
LH:3
BRF:0
BRH:0
end_of_record
TN:
SF:src/models/choice.js
FN:12,(anonymous_0)
FNF:1
FNH:1
FNDA:1,(anonymous_0)
DA:18,1
DA:23,1
DA:27,1
LF:3
LH:3
BRF:0
BRH:0
end_of_record
TN:
SF:src/models/question.js
FN:12,(anonymous_0)
FNF:1
FNH:1
FNDA:1,(anonymous_0)
DA:18,1
DA:25,1
DA:32,1
DA:39,1
DA:46,1
DA:53,1
DA:60,1
DA:64,1
LF:8
LH:8
BRF:0
BRH:0
end_of_record
